06:53:58.195 [main] -[]- []- INFO  o.s.boot.StartupInfoLogger.48- Starting VisitorCounterApplication on simha-Lenovo-ideapad-510-15IKB with PID 13983 (/home/simha/visitorCounterBackend/api/target/classes started by simha in /home/simha/visitorCounterBackend)
06:53:58.200 [main] -[]- []- INFO  o.s.boot.SpringApplication.661- No active profile set, falling back to default profiles: default
06:53:58.297 [main] -[]- []- INFO  o.s.c.s.AbstractApplicationContext.582- Refreshing org.springframework.boot.context.embedded.AnnotationConfigEmbeddedWebApplicationContext@2118cddf: startup date [Sun May 26 06:53:58 IST 2019]; root of context hierarchy
06:53:59.348 [background-preinit] -[]- []- INFO  o.h.validator.internal.util.Version.30- HV000001: Hibernate Validator 5.2.4.Final
06:54:01.315 [main] -[]- []- INFO  o.s.b.f.s.DefaultListableBeanFactory.826- Overriding bean definition for bean 'ignoredPathsWebSecurityConfigurerAdapter' with a different definition: replacing [Root bean: class [null]; scope=; abstract=false; lazyInit=false; autowireMode=3; dependencyCheck=0; autowireCandidate=true; primary=false; factoryBeanName=org.springframework.boot.autoconfigure.security.SpringBootWebSecurityConfiguration; factoryMethodName=ignoredPathsWebSecurityConfigurerAdapter; initMethodName=null; destroyMethodName=(inferred); defined in class path resource [org/springframework/boot/autoconfigure/security/SpringBootWebSecurityConfiguration.class]] with [Root bean: class [null]; scope=; abstract=false; lazyInit=false; autowireMode=3; dependencyCheck=0; autowireCandidate=true; primary=false; factoryBeanName=org.springframework.boot.actuate.autoconfigure.ManagementWebSecurityAutoConfiguration; factoryMethodName=ignoredPathsWebSecurityConfigurerAdapter; initMethodName=null; destroyMethodName=(inferred); defined in class path resource [org/springframework/boot/actuate/autoconfigure/ManagementWebSecurityAutoConfiguration.class]]
06:54:01.576 [main] -[]- []- INFO  o.s.d.r.c.RepositoryConfigurationDelegate.170- Multiple Spring Data modules found, entering strict repository configuration mode!
06:54:01.635 [main] -[]- []- INFO  o.s.d.r.c.RepositoryConfigurationDelegate.170- Multiple Spring Data modules found, entering strict repository configuration mode!
06:54:02.145 [main] -[]- []- INFO  o.s.b.f.a.AutowiredAnnotationBeanPostProcessor.155- JSR-330 'javax.inject.Inject' annotation found and supported for autowiring
06:54:02.367 [main] -[]- []- INFO  o.s.c.s.PostProcessorRegistrationDelegate$BeanPostProcessorChecker.325- Bean 'org.springframework.transaction.annotation.ProxyTransactionManagementConfiguration' of type [class org.springframework.transaction.annotation.ProxyTransactionManagementConfiguration$$EnhancerBySpringCGLIB$$38385643] is not eligible for getting processed by all BeanPostProcessors (for example: not eligible for auto-proxying)
06:54:02.955 [main] -[]- []- INFO  org.eclipse.jetty.util.log.Log.192- Logging initialized @6506ms
06:54:03.151 [main] -[]- []- INFO  o.s.b.c.e.j.JettyEmbeddedServletContainerFactory.171- Server initialized with port: 8080
06:54:03.176 [main] -[]- []- INFO  org.eclipse.jetty.server.Server.346- jetty-9.3.14.v20161028
06:54:03.450 [main] -[]- []- INFO  o.e.j.s.h.ContextHandler$Context.2167- Initializing Spring embedded WebApplicationContext
06:54:03.451 [main] -[]- []- INFO  o.s.b.c.e.EmbeddedWebApplicationContext.276- Root WebApplicationContext: initialization completed in 5154 ms
06:54:06.098 [main] -[]- []- INFO  o.s.b.w.s.AbstractFilterRegistrationBean.258- Mapping filter: 'metricsFilter' to: [/*]
06:54:06.098 [main] -[]- []- INFO  o.s.b.w.s.AbstractFilterRegistrationBean.258- Mapping filter: 'characterEncodingFilter' to: [/*]
06:54:06.099 [main] -[]- []- INFO  o.s.b.w.s.AbstractFilterRegistrationBean.258- Mapping filter: 'hiddenHttpMethodFilter' to: [/*]
06:54:06.099 [main] -[]- []- INFO  o.s.b.w.s.AbstractFilterRegistrationBean.258- Mapping filter: 'httpPutFormContentFilter' to: [/*]
06:54:06.099 [main] -[]- []- INFO  o.s.b.w.s.AbstractFilterRegistrationBean.258- Mapping filter: 'requestContextFilter' to: [/*]
06:54:06.101 [main] -[]- []- INFO  o.s.b.w.s.AbstractFilterRegistrationBean.258- Mapping filter: 'springSecurityFilterChain' to: [/*]
06:54:06.101 [main] -[]- []- INFO  o.s.b.w.s.AbstractFilterRegistrationBean.258- Mapping filter: 'webRequestLoggingFilter' to: [/*]
06:54:06.101 [main] -[]- []- INFO  o.s.b.w.s.AbstractFilterRegistrationBean.258- Mapping filter: 'visitorRequestFilter' to: [/*]
06:54:06.102 [main] -[]- []- INFO  o.s.b.w.s.AbstractFilterRegistrationBean.258- Mapping filter: 'applicationContextIdFilter' to: [/*]
06:54:06.102 [main] -[]- []- INFO  o.s.b.w.s.ServletRegistrationBean.190- Mapping servlet: 'dispatcherServlet' to [/]
06:54:06.772 [main] -[]- []- INFO  o.e.j.server.handler.ContextHandler.781- Started o.s.b.c.e.j.JettyEmbeddedWebAppContext@2eebce87{/,file:///home/simha/visitorCounterBackend/public/,AVAILABLE}
06:54:06.773 [main] -[]- []- INFO  org.eclipse.jetty.server.Server.414- Started @10324ms
06:54:07.076 [main] -[]- []- INFO  o.s.w.s.m.m.a.RequestMappingHandlerAdapter.534- Looking for @ControllerAdvice: org.springframework.boot.context.embedded.AnnotationConfigEmbeddedWebApplicationContext@2118cddf: startup date [Sun May 26 06:53:58 IST 2019]; root of context hierarchy
06:54:07.173 [main] -[]- []- INFO  o.s.w.s.h.AbstractHandlerMethodMapping$MappingRegistry.543- Mapped "{[/api/visitors/count],methods=[GET]}" onto public com.vistorCount.response.UniqueVisitorCountResponse com.vistorCount.controller.MainController.getVisitorCount(javax.servlet.http.HttpServletRequest)
06:54:07.178 [main] -[]- []- INFO  o.s.w.s.h.AbstractHandlerMethodMapping$MappingRegistry.543- Mapped "{[/error],produces=[text/html]}" onto public org.springframework.web.servlet.ModelAndView org.springframework.boot.autoconfigure.web.BasicErrorController.errorHtml(javax.servlet.http.HttpServletRequest,javax.servlet.http.HttpServletResponse)
06:54:07.178 [main] -[]- []- INFO  o.s.w.s.h.AbstractHandlerMethodMapping$MappingRegistry.543- Mapped "{[/error]}" onto public org.springframework.http.ResponseEntity<java.util.Map<java.lang.String, java.lang.Object>> org.springframework.boot.autoconfigure.web.BasicErrorController.error(javax.servlet.http.HttpServletRequest)
06:54:07.199 [main] -[]- []- INFO  o.s.w.s.h.AbstractUrlHandlerMapping.341- Root mapping to handler of type [class org.springframework.web.servlet.mvc.ParameterizableViewController]
06:54:07.215 [main] -[]- []- INFO  o.s.w.s.h.AbstractUrlHandlerMapping.354- Mapped URL path [/**] onto handler of type [class org.springframework.web.servlet.resource.ResourceHttpRequestHandler]
06:54:07.216 [main] -[]- []- INFO  o.s.w.s.h.AbstractUrlHandlerMapping.354- Mapped URL path [/webjars/**] onto handler of type [class org.springframework.web.servlet.resource.ResourceHttpRequestHandler]
06:54:07.244 [main] -[]- []- INFO  o.s.w.s.m.m.a.ExceptionHandlerExceptionResolver.273- Detected @ExceptionHandler methods in globalExceptionResolver
06:54:07.291 [main] -[]- []- INFO  o.s.w.s.h.AbstractUrlHandlerMapping.354- Mapped URL path [/**/favicon.ico] onto handler of type [class org.springframework.web.servlet.resource.ResourceHttpRequestHandler]
06:54:07.321 [main] -[]- []- INFO  o.s.b.a.w.WebMvcAutoConfiguration$WelcomePageHandlerMapping.510- Adding welcome page: ServletContext resource [/index.html]
06:54:07.711 [main] -[]- []- INFO  i.s.client.AbstractJestClient.56- Setting server pool to a list of 1 servers: [http://localhost:9200]
06:54:07.734 [main] -[]- []- INFO  i.searchbox.client.JestClientFactory.240- Using single thread/connection supporting basic connection manager
06:54:07.889 [main] -[]- []- INFO  i.searchbox.client.JestClientFactory.71- Using custom GSON instance
06:54:07.889 [main] -[]- []- INFO  i.searchbox.client.JestClientFactory.86- Node Discovery disabled...
06:54:07.889 [main] -[]- []- INFO  i.searchbox.client.JestClientFactory.98- Idle connection reaping disabled...
06:54:08.562 [main] -[]- []- INFO  o.s.b.a.s.AuthenticationManagerConfiguration$DefaultInMemoryUserDetailsManagerConfigurer.169- 

Using default security password: 40784e2d-ef9e-4a2d-a7e2-3a12e9b823bf

06:54:08.691 [main] -[]- []- INFO  o.s.s.web.DefaultSecurityFilterChain.43- Creating filter chain: OrRequestMatcher [requestMatchers=[Ant [pattern='/css/**'], Ant [pattern='/js/**'], Ant [pattern='/images/**'], Ant [pattern='/webjars/**'], Ant [pattern='/**/favicon.ico'], Ant [pattern='/error']]], []
06:54:08.691 [main] -[]- []- INFO  o.s.s.web.DefaultSecurityFilterChain.43- Creating filter chain: Ant [pattern='/**'], []
06:54:08.834 [main] -[]- []- INFO  o.s.s.web.DefaultSecurityFilterChain.43- Creating filter chain: org.springframework.security.web.util.matcher.AnyRequestMatcher@1, [org.springframework.security.web.context.request.async.WebAsyncManagerIntegrationFilter@1a0ffb9b, org.springframework.security.web.context.SecurityContextPersistenceFilter@1f48fa72, org.springframework.security.web.header.HeaderWriterFilter@2a42019a, org.springframework.security.web.csrf.CsrfFilter@6dbbdf92, org.springframework.security.web.authentication.logout.LogoutFilter@6f112f70, org.springframework.security.web.authentication.UsernamePasswordAuthenticationFilter@49e62b17, org.springframework.security.web.authentication.ui.DefaultLoginPageGeneratingFilter@35becbd4, org.springframework.security.web.authentication.www.BasicAuthenticationFilter@116fc29e, org.springframework.security.web.savedrequest.RequestCacheAwareFilter@495da9a7, org.springframework.security.web.servletapi.SecurityContextHolderAwareRequestFilter@7c0e4e4e, org.springframework.security.web.authentication.AnonymousAuthenticationFilter@67c0c90b, org.springframework.security.web.session.SessionManagementFilter@60194904, org.springframework.security.web.access.ExceptionTranslationFilter@173a5fad, org.springframework.security.web.access.intercept.FilterSecurityInterceptor@460eb276]
06:54:08.845 [main] -[]- []- INFO  o.s.s.web.DefaultSecurityFilterChain.43- Creating filter chain: org.springframework.boot.actuate.autoconfigure.ManagementWebSecurityAutoConfiguration$LazyEndpointPathRequestMatcher@53525379, [org.springframework.security.web.context.request.async.WebAsyncManagerIntegrationFilter@1be3f8f8, org.springframework.security.web.context.SecurityContextPersistenceFilter@2ec0ca83, org.springframework.security.web.header.HeaderWriterFilter@5503c7d, org.springframework.security.web.authentication.logout.LogoutFilter@646cb2e, org.springframework.security.web.authentication.www.BasicAuthenticationFilter@60a6840c, org.springframework.security.web.savedrequest.RequestCacheAwareFilter@3350ab4, org.springframework.security.web.servletapi.SecurityContextHolderAwareRequestFilter@7827d7b, org.springframework.security.web.authentication.AnonymousAuthenticationFilter@78b9155e, org.springframework.security.web.session.SessionManagementFilter@5b5b53c6, org.springframework.security.web.access.ExceptionTranslationFilter@15371de2, org.springframework.security.web.access.intercept.FilterSecurityInterceptor@4a453f8d]
06:54:08.849 [main] -[]- []- INFO  o.s.s.web.DefaultSecurityFilterChain.43- Creating filter chain: OrRequestMatcher [requestMatchers=[Ant [pattern='/**']]], [org.springframework.security.web.context.request.async.WebAsyncManagerIntegrationFilter@431babe6, org.springframework.security.web.context.SecurityContextPersistenceFilter@4fedf908, org.springframework.security.web.header.HeaderWriterFilter@75805562, org.springframework.security.web.authentication.logout.LogoutFilter@7b3c0ecb, org.springframework.security.web.authentication.www.BasicAuthenticationFilter@5bb99d1d, org.springframework.security.web.savedrequest.RequestCacheAwareFilter@5341641d, org.springframework.security.web.servletapi.SecurityContextHolderAwareRequestFilter@241d1052, org.springframework.security.web.authentication.AnonymousAuthenticationFilter@17befef0, org.springframework.security.web.session.SessionManagementFilter@13d984ee, org.springframework.security.web.access.ExceptionTranslationFilter@2a16d4dc, org.springframework.security.web.access.intercept.FilterSecurityInterceptor@43445fc6]
06:54:09.323 [main] -[]- []- INFO  o.s.w.s.h.AbstractHandlerMethodMapping$MappingRegistry.543- Mapped "{[/beans || /beans.json],methods=[GET],produces=[application/json]}" onto public java.lang.Object org.springframework.boot.actuate.endpoint.mvc.EndpointMvcAdapter.invoke()
06:54:09.324 [main] -[]- []- INFO  o.s.w.s.h.AbstractHandlerMethodMapping$MappingRegistry.543- Mapped "{[/autoconfig || /autoconfig.json],methods=[GET],produces=[application/json]}" onto public java.lang.Object org.springframework.boot.actuate.endpoint.mvc.EndpointMvcAdapter.invoke()
06:54:09.326 [main] -[]- []- INFO  o.s.w.s.h.AbstractHandlerMethodMapping$MappingRegistry.543- Mapped "{[/env/{name:.*}],methods=[GET],produces=[application/json]}" onto public java.lang.Object org.springframework.boot.actuate.endpoint.mvc.EnvironmentMvcEndpoint.value(java.lang.String)
06:54:09.326 [main] -[]- []- INFO  o.s.w.s.h.AbstractHandlerMethodMapping$MappingRegistry.543- Mapped "{[/env || /env.json],methods=[GET],produces=[application/json]}" onto public java.lang.Object org.springframework.boot.actuate.endpoint.mvc.EndpointMvcAdapter.invoke()
06:54:09.327 [main] -[]- []- INFO  o.s.w.s.h.AbstractHandlerMethodMapping$MappingRegistry.543- Mapped "{[/heapdump || /heapdump.json],methods=[GET],produces=[application/octet-stream]}" onto public void org.springframework.boot.actuate.endpoint.mvc.HeapdumpMvcEndpoint.invoke(boolean,javax.servlet.http.HttpServletRequest,javax.servlet.http.HttpServletResponse) throws java.io.IOException,javax.servlet.ServletException
06:54:09.328 [main] -[]- []- INFO  o.s.w.s.h.AbstractHandlerMethodMapping$MappingRegistry.543- Mapped "{[/mappings || /mappings.json],methods=[GET],produces=[application/json]}" onto public java.lang.Object org.springframework.boot.actuate.endpoint.mvc.EndpointMvcAdapter.invoke()
06:54:09.329 [main] -[]- []- INFO  o.s.w.s.h.AbstractHandlerMethodMapping$MappingRegistry.543- Mapped "{[/configprops || /configprops.json],methods=[GET],produces=[application/json]}" onto public java.lang.Object org.springframework.boot.actuate.endpoint.mvc.EndpointMvcAdapter.invoke()
06:54:09.330 [main] -[]- []- INFO  o.s.w.s.h.AbstractHandlerMethodMapping$MappingRegistry.543- Mapped "{[/health || /health.json],produces=[application/json]}" onto public java.lang.Object org.springframework.boot.actuate.endpoint.mvc.HealthMvcEndpoint.invoke(java.security.Principal)
06:54:09.333 [main] -[]- []- INFO  o.s.w.s.h.AbstractHandlerMethodMapping$MappingRegistry.543- Mapped "{[/info || /info.json],methods=[GET],produces=[application/json]}" onto public java.lang.Object org.springframework.boot.actuate.endpoint.mvc.EndpointMvcAdapter.invoke()
06:54:09.334 [main] -[]- []- INFO  o.s.w.s.h.AbstractHandlerMethodMapping$MappingRegistry.543- Mapped "{[/trace || /trace.json],methods=[GET],produces=[application/json]}" onto public java.lang.Object org.springframework.boot.actuate.endpoint.mvc.EndpointMvcAdapter.invoke()
06:54:09.337 [main] -[]- []- INFO  o.s.w.s.h.AbstractHandlerMethodMapping$MappingRegistry.543- Mapped "{[/dump || /dump.json],methods=[GET],produces=[application/json]}" onto public java.lang.Object org.springframework.boot.actuate.endpoint.mvc.EndpointMvcAdapter.invoke()
06:54:09.338 [main] -[]- []- INFO  o.s.w.s.h.AbstractHandlerMethodMapping$MappingRegistry.543- Mapped "{[/metrics/{name:.*}],methods=[GET],produces=[application/json]}" onto public java.lang.Object org.springframework.boot.actuate.endpoint.mvc.MetricsMvcEndpoint.value(java.lang.String)
06:54:09.339 [main] -[]- []- INFO  o.s.w.s.h.AbstractHandlerMethodMapping$MappingRegistry.543- Mapped "{[/metrics || /metrics.json],methods=[GET],produces=[application/json]}" onto public java.lang.Object org.springframework.boot.actuate.endpoint.mvc.EndpointMvcAdapter.invoke()
06:54:09.699 [main] -[]- []- INFO  o.s.jmx.export.MBeanExporter.431- Registering beans for JMX exposure on startup
06:54:09.700 [main] -[]- []- INFO  o.s.jmx.export.MBeanExporter.916- Bean with name 'dataSource' has been autodetected for JMX exposure
06:54:09.706 [main] -[]- []- INFO  o.s.jmx.export.MBeanExporter.671- Located MBean 'dataSource': registering with JMX server as MBean [com.zaxxer.hikari:name=dataSource,type=HikariDataSource]
06:54:09.707 [main] -[]- []- INFO  o.s.jmx.export.MBeanExporter.431- Registering beans for JMX exposure on startup
06:54:09.711 [main] -[]- []- INFO  o.s.c.s.DefaultLifecycleProcessor$LifecycleGroup.341- Starting beans in phase 0
06:54:09.713 [main] -[]- []- INFO  o.s.jmx.export.MBeanExporter.678- Located managed bean 'requestMappingEndpoint': registering with JMX server as MBean [org.springframework.boot:type=Endpoint,name=requestMappingEndpoint]
06:54:09.738 [main] -[]- []- INFO  o.s.jmx.export.MBeanExporter.678- Located managed bean 'environmentEndpoint': registering with JMX server as MBean [org.springframework.boot:type=Endpoint,name=environmentEndpoint]
06:54:09.744 [main] -[]- []- INFO  o.s.jmx.export.MBeanExporter.678- Located managed bean 'healthEndpoint': registering with JMX server as MBean [org.springframework.boot:type=Endpoint,name=healthEndpoint]
06:54:09.748 [main] -[]- []- INFO  o.s.jmx.export.MBeanExporter.678- Located managed bean 'beansEndpoint': registering with JMX server as MBean [org.springframework.boot:type=Endpoint,name=beansEndpoint]
06:54:09.752 [main] -[]- []- INFO  o.s.jmx.export.MBeanExporter.678- Located managed bean 'infoEndpoint': registering with JMX server as MBean [org.springframework.boot:type=Endpoint,name=infoEndpoint]
06:54:09.756 [main] -[]- []- INFO  o.s.jmx.export.MBeanExporter.678- Located managed bean 'metricsEndpoint': registering with JMX server as MBean [org.springframework.boot:type=Endpoint,name=metricsEndpoint]
06:54:09.759 [main] -[]- []- INFO  o.s.jmx.export.MBeanExporter.678- Located managed bean 'traceEndpoint': registering with JMX server as MBean [org.springframework.boot:type=Endpoint,name=traceEndpoint]
06:54:09.763 [main] -[]- []- INFO  o.s.jmx.export.MBeanExporter.678- Located managed bean 'dumpEndpoint': registering with JMX server as MBean [org.springframework.boot:type=Endpoint,name=dumpEndpoint]
06:54:09.770 [main] -[]- []- INFO  o.s.jmx.export.MBeanExporter.678- Located managed bean 'autoConfigurationReportEndpoint': registering with JMX server as MBean [org.springframework.boot:type=Endpoint,name=autoConfigurationReportEndpoint]
06:54:09.773 [main] -[]- []- INFO  o.s.jmx.export.MBeanExporter.678- Located managed bean 'configurationPropertiesReportEndpoint': registering with JMX server as MBean [org.springframework.boot:type=Endpoint,name=configurationPropertiesReportEndpoint]
06:54:09.802 [main] -[]- []- INFO  o.e.j.s.h.ContextHandler$Context.2167- Initializing Spring FrameworkServlet 'dispatcherServlet'
06:54:09.803 [main] -[]- []- INFO  o.s.web.servlet.FrameworkServlet.489- FrameworkServlet 'dispatcherServlet': initialization started
06:54:09.815 [main] -[]- []- INFO  o.s.web.servlet.FrameworkServlet.508- FrameworkServlet 'dispatcherServlet': initialization completed in 12 ms
06:54:09.850 [main] -[]- []- INFO  o.e.jetty.server.AbstractConnector.278- Started ServerConnector@299490a0{HTTP/1.1,[http/1.1]}{0.0.0.0:8080}
06:54:09.853 [main] -[]- []- INFO  o.s.b.c.e.j.JettyEmbeddedServletContainer.137- Jetty started on port(s) 8080 (http/1.1)
06:54:09.858 [main] -[]- []- INFO  o.s.boot.StartupInfoLogger.57- Started VisitorCounterApplication in 12.57 seconds (JVM running for 13.409)
